<?xml version="1.0" encoding="UTF-8" standalone="no"?>
<!DOCTYPE log SYSTEM "logger.dtd">
<log>
<record>
  <date>2018-03-02T09:53:45</date>
  <millis>1519964625852</millis>
  <sequence>0</sequence>
  <level>START</level>
  <class>com.kms.katalon.core.logging.KeywordLogger</class>
  <method>startSuite</method>
  <thread>1</thread>
  <message>Start Test Suite : Test Suites/ProductAddScenarios</message>
  <nestedLevel>0</nestedLevel>
  <property name="name">ProductAddScenarios</property>
  <property name="description"></property>
  <property name="id">Test Suites/ProductAddScenarios</property>
</record>
<record>
  <date>2018-03-02T09:53:45</date>
  <millis>1519964625888</millis>
  <sequence>1</sequence>
  <level>RUN_DATA</level>
  <class>com.kms.katalon.core.logging.KeywordLogger</class>
  <method>logMessage</method>
  <thread>1</thread>
  <message>Logging run data &amp;apos;hostName&amp;apos; with value &amp;apos;Kumar.nagendra - HMECL000103.happiestminds.com&amp;apos;</message>
  <nestedLevel>0</nestedLevel>
  <property name="hostName">Kumar.nagendra - HMECL000103.happiestminds.com</property>
</record>
<record>
  <date>2018-03-02T09:53:45</date>
  <millis>1519964625889</millis>
  <sequence>2</sequence>
  <level>RUN_DATA</level>
  <class>com.kms.katalon.core.logging.KeywordLogger</class>
  <method>logMessage</method>
  <thread>1</thread>
  <message>Logging run data &amp;apos;os&amp;apos; with value &amp;apos;Windows 10 64bit&amp;apos;</message>
  <nestedLevel>0</nestedLevel>
  <property name="os">Windows 10 64bit</property>
</record>
<record>
  <date>2018-03-02T09:53:45</date>
  <millis>1519964625890</millis>
  <sequence>3</sequence>
  <level>RUN_DATA</level>
  <class>com.kms.katalon.core.logging.KeywordLogger</class>
  <method>logMessage</method>
  <thread>1</thread>
  <message>Logging run data &amp;apos;hostAddress&amp;apos; with value &amp;apos;10.95.79.244&amp;apos;</message>
  <nestedLevel>0</nestedLevel>
  <property name="hostAddress">10.95.79.244</property>
</record>
<record>
  <date>2018-03-02T09:53:45</date>
  <millis>1519964625892</millis>
  <sequence>4</sequence>
  <level>RUN_DATA</level>
  <class>com.kms.katalon.core.logging.KeywordLogger</class>
  <method>logMessage</method>
  <thread>1</thread>
  <message>Logging run data &amp;apos;katalonVersion&amp;apos; with value &amp;apos;5.3.0.1&amp;apos;</message>
  <nestedLevel>0</nestedLevel>
  <property name="katalonVersion">5.3.0.1</property>
</record>
<record>
  <date>2018-03-02T09:53:46</date>
  <millis>1519964626479</millis>
  <sequence>5</sequence>
  <level>START</level>
  <class>com.kms.katalon.core.logging.KeywordLogger</class>
  <method>startTest</method>
  <thread>1</thread>
  <message>Start Test Case : Test Cases/ProductAdd_TestCases/VerifyProductAddPageLoads</message>
  <nestedLevel>1</nestedLevel>
  <property name="name">Test Cases/ProductAdd_TestCases/VerifyProductAddPageLoads</property>
  <property name="description"></property>
  <property name="id">Test Cases/ProductAdd_TestCases/VerifyProductAddPageLoads</property>
  <property name="source">D:\\Arista-Bugzila Project\\BugzillaUI-Automation\\Test Cases\\ProductAdd_TestCases\\VerifyProductAddPageLoads.tc</property>
  <property name="isOptional">false</property>
</record>
<record>
  <date>2018-03-02T09:53:46</date>
  <millis>1519964626545</millis>
  <sequence>6</sequence>
  <level>INFO</level>
  <class>com.kms.katalon.core.logging.KeywordLogger</class>
  <method>logMessage</method>
  <thread>1</thread>
  <message>Evaluating variables for test case</message>
  <nestedLevel>1</nestedLevel>
</record>
<record>
  <date>2018-03-02T09:53:47</date>
  <millis>1519964627087</millis>
  <sequence>7</sequence>
  <level>START</level>
  <class>com.kms.katalon.core.logging.KeywordLogger</class>
  <method>startKeyword</method>
  <thread>1</thread>
  <message>Start action : openBrowser</message>
  <nestedLevel>1</nestedLevel>
  <property name="startLine">23</property>
  <property name="stepIndex">1</property>
</record>
<record>
  <date>2018-03-02T09:53:47</date>
  <millis>1519964627641</millis>
  <sequence>8</sequence>
  <level>INFO</level>
  <class>com.kms.katalon.core.logging.KeywordLogger</class>
  <method>logMessage</method>
  <thread>1</thread>
  <message>Opening browser</message>
  <nestedLevel>1</nestedLevel>
</record>
<record>
  <date>2018-03-02T09:53:47</date>
  <millis>1519964627656</millis>
  <sequence>9</sequence>
  <level>INFO</level>
  <class>com.kms.katalon.core.logging.KeywordLogger</class>
  <method>logMessage</method>
  <thread>1</thread>
  <message>Starting &amp;apos;Chrome&amp;apos; driver</message>
  <nestedLevel>1</nestedLevel>
</record>
<record>
  <date>2018-03-02T09:53:47</date>
  <millis>1519964627758</millis>
  <sequence>10</sequence>
  <level>INFO</level>
  <class>com.kms.katalon.core.logging.KeywordLogger</class>
  <method>logMessage</method>
  <thread>1</thread>
  <message>Action delay is set to 0 seconds</message>
  <nestedLevel>1</nestedLevel>
</record>
